<?xml version="1.0" encoding="UTF-8"?>
<!-- Generated by org.testng.reporters.JUnitXMLReporter -->
<testsuite ignored="0" hostname="DESKTOP-02HTNM8" failures="0" tests="5" name="Edge Browser" time="0.011" errors="0" timestamp="2024-01-30T20:48:18 IST">
  <testcase classname="com.qaautomaton.testsuiteannotation.BookAppointmentSuiteAnnotation" name="login" time="0.001"/>
  <testcase classname="com.qaautomaton.testsuiteannotation.BookAppointmentSuiteAnnotation" name="consultDoctor" time="0.0"/>
  <testcase classname="com.qaautomaton.testsuiteannotation.BookAppointmentSuiteAnnotation" name="prescribeMedicine" time="0.002"/>
  <testcase classname="com.qaautomaton.testsuiteannotation.BookAppointmentSuiteAnnotation" name="payMedicalBill" time="0.0"/>
  <testcase classname="com.qaautomaton.testsuiteannotation.BookAppointmentSuiteAnnotation" name="logout" time="0.001"/>
</testsuite> <!-- Edge Browser -->
