<?xml version="1.0" encoding="UTF-8"?>
<testsuite xmlns:xsi="http://www.w3.org/2001/XMLSchema-instance" xsi:noNamespaceSchemaLocation="https://maven.apache.org/surefire/maven-surefire-plugin/xsd/surefire-test-report.xsd" name="TestSuite" time="15.855" tests="5" errors="0" skipped="0" failures="0">
  <properties>
[...]
</properties>
  <testcase name="launchApplication" classname="com.qaautomation.registerdemo.RegisterDemoFlow" time="7.492"/>
  <testcase name="navigateToRegisterDemoPage" classname="com.qaautomation.registerdemo.RegisterDemoFlow" time="2.437"/>
  <testcase name="registerDemo" classname="com.qaautomation.registerdemo.RegisterDemoFlow" time="5.017"/>
  <testcase name="validateSuccessfulMessage" classname="com.qaautomation.registerdemo.RegisterDemoFlow" time="0.063"/>
  <testcase name="closeApplication" classname="com.qaautomation.registerdemo.RegisterDemoFlow" time="0.16"/>
</testsuite>