<?xml version="1.0" encoding="UTF-8"?>
<testng-results ignored="0" total="5" passed="5" failed="0" skipped="0">
  <reporter-output>
  </reporter-output>
  <suite started-at="2024-02-02T19:42:40 IST" name="Automation Suite" finished-at="2024-02-02T19:42:55 IST" duration-ms="15214">
    <groups>
    </groups>
    <test started-at="2024-02-02T19:42:40 IST" name="Register Demo Test Case" finished-at="2024-02-02T19:42:55 IST" duration-ms="15214">
      <class name="com.qaautomation.registerdemo.RegisterDemoFlow">
        <test-method signature="launchApplication()[pri:1, instance:com.qaautomation.registerdemo.RegisterDemoFlow@12b5695]" started-at="2024-02-02T19:42:40 IST" name="launchApplication" finished-at="2024-02-02T19:42:48 IST" duration-ms="7491" status="PASS">
          <reporter-output>
          </reporter-output>
        </test-method> <!-- launchApplication -->
        <test-method signature="navigateToRegisterDemoPage()[pri:2, instance:com.qaautomation.registerdemo.RegisterDemoFlow@12b5695]" started-at="2024-02-02T19:42:48 IST" name="navigateToRegisterDemoPage" finished-at="2024-02-02T19:42:50 IST" duration-ms="2437" status="PASS">
          <reporter-output>
          </reporter-output>
        </test-method> <!-- navigateToRegisterDemoPage -->
        <test-method signature="registerDemo()[pri:3, instance:com.qaautomation.registerdemo.RegisterDemoFlow@12b5695]" started-at="2024-02-02T19:42:50 IST" name="registerDemo" finished-at="2024-02-02T19:42:55 IST" duration-ms="5018" status="PASS">
          <reporter-output>
          </reporter-output>
        </test-method> <!-- registerDemo -->
        <test-method signature="validateSuccessfulMessage()[pri:4, instance:com.qaautomation.registerdemo.RegisterDemoFlow@12b5695]" started-at="2024-02-02T19:42:55 IST" name="validateSuccessfulMessage" finished-at="2024-02-02T19:42:55 IST" duration-ms="63" status="PASS">
          <reporter-output>
          </reporter-output>
        </test-method> <!-- validateSuccessfulMessage -->
        <test-method signature="closeApplication()[pri:5, instance:com.qaautomation.registerdemo.RegisterDemoFlow@12b5695]" started-at="2024-02-02T19:42:55 IST" name="closeApplication" finished-at="2024-02-02T19:42:55 IST" duration-ms="159" status="PASS">
          <reporter-output>
          </reporter-output>
        </test-method> <!-- closeApplication -->
      </class> <!-- com.qaautomation.registerdemo.RegisterDemoFlow -->
    </test> <!-- Register Demo Test Case -->
  </suite> <!-- Automation Suite -->
</testng-results>
