<?xml version="1.0" encoding="UTF-8"?>
<!-- Generated by org.testng.reporters.JUnitXMLReporter -->
<testsuite ignored="0" hostname="DESKTOP-02HTNM8" failures="0" tests="5" name="Register Demo Test Case" time="14.572" errors="0" timestamp="2024-01-29T19:54:45 IST">
  <testcase classname="com.qaautomation.registerdemo.RegisterDemoFlow" name="launchApplication" time="7.076"/>
  <testcase classname="com.qaautomation.registerdemo.RegisterDemoFlow" name="navigateToRegisterDemoPage" time="2.463"/>
  <testcase classname="com.qaautomation.registerdemo.RegisterDemoFlow" name="registerDemo" time="4.774"/>
  <testcase classname="com.qaautomation.registerdemo.RegisterDemoFlow" name="validateSuccessfulMessage" time="0.066"/>
  <testcase classname="com.qaautomation.registerdemo.RegisterDemoFlow" name="closeApplication" time="0.144"/>
</testsuite> <!-- Register Demo Test Case -->
