<?xml version="1.0" encoding="UTF-8"?>
<!-- Generated by org.testng.reporters.JUnitXMLReporter -->
<testsuite ignored="0" hostname="DESKTOP-02HTNM8" failures="0" tests="3" name="Register Demo Flow - Chrome Browser" time="17.088" errors="0" timestamp="2024-01-30T18:07:39 IST">
  <testcase classname="com.qaautomation.crossbrowsertesting.RegisterDemoFlow" name="navigateToRegisterDemoPage" time="2.622"/>
  <testcase classname="com.qaautomation.crossbrowsertesting.RegisterDemoFlow" name="registerDemo" time="5.14"/>
  <testcase classname="com.qaautomation.crossbrowsertesting.RegisterDemoFlow" name="validateSuccessfulMessage" time="0.07"/>
</testsuite> <!-- Register Demo Flow - Chrome Browser -->
