<?xml version="1.0" encoding="UTF-8"?>
<!-- Generated by org.testng.reporters.JUnitXMLReporter -->
<testsuite ignored="0" hostname="DESKTOP-02HTNM8" failures="0" tests="3" name="Register Demo Flow - Edge Browser" time="17.12" errors="0" timestamp="2024-01-30T18:07:39 IST">
  <testcase classname="com.qaautomation.crossbrowsertesting.RegisterDemoFlow" name="navigateToRegisterDemoPage" time="2.619"/>
  <testcase classname="com.qaautomation.crossbrowsertesting.RegisterDemoFlow" name="registerDemo" time="5.308"/>
  <testcase classname="com.qaautomation.crossbrowsertesting.RegisterDemoFlow" name="validateSuccessfulMessage" time="0.061"/>
</testsuite> <!-- Register Demo Flow - Edge Browser -->
