<?xml version="1.0" encoding="UTF-8"?>
<!-- Generated by org.testng.reporters.JUnitXMLReporter -->
<testsuite ignored="2" hostname="DESKTOP-02HTNM8" failures="0" tests="0" name="Sanity Test Cases" time="0.02" errors="0" timestamp="2024-01-31T20:25:13 IST">
  <testcase classname="com.qaautomation.groupingconcept.AutomationSuite" name="testCase1" time="0.0">
    <ignored/>
  </testcase> <!-- testCase1 -->
  <testcase classname="com.qaautomation.groupingconcept.AutomationSuite" name="testCase2" time="0.0">
    <ignored/>
  </testcase> <!-- testCase2 -->
</testsuite> <!-- Sanity Test Cases -->
