<?xml version="1.0" encoding="UTF-8"?>
<!-- Generated by org.testng.reporters.JUnitXMLReporter -->
<testsuite ignored="0" hostname="DESKTOP-02HTNM8" failures="0" tests="9" name="Sanity" time="0.077" errors="0" timestamp="2024-01-30T18:20:24 IST">
  <testcase classname="com.qaautomation.crossbrowsertesting.SampleThreadProgram" name="testCase1" time="0.01"/>
  <testcase classname="com.qaautomation.crossbrowsertesting.SampleThreadProgram" name="testCase5" time="0.009"/>
  <testcase classname="com.qaautomation.crossbrowsertesting.SampleThreadProgram" name="testCase6" time="0.009"/>
  <testcase classname="com.qaautomation.crossbrowsertesting.SampleThreadProgram" name="testCase4" time="0.01"/>
  <testcase classname="com.qaautomation.crossbrowsertesting.SampleThreadProgram" name="testCase3" time="0.01"/>
  <testcase classname="com.qaautomation.crossbrowsertesting.SampleThreadProgram" name="testCase7" time="0.009"/>
  <testcase classname="com.qaautomation.crossbrowsertesting.SampleThreadProgram" name="testCase2" time="0.009"/>
  <testcase classname="com.qaautomation.crossbrowsertesting.SampleThreadProgram" name="testCase9" time="0.005"/>
  <testcase classname="com.qaautomation.crossbrowsertesting.SampleThreadProgram" name="testCase8" time="0.006"/>
</testsuite> <!-- Sanity -->
