<?xml version="1.0" encoding="UTF-8"?>
<!-- Generated by org.testng.reporters.JUnitXMLReporter -->
<testsuite ignored="15" hostname="DESKTOP-02HTNM8" failures="0" tests="2" name="Smoke Test Cases" time="0.06" errors="0" timestamp="2024-01-31T20:17:01 IST">
  <testcase classname="com.qaautomation.groupingconcept.AutomationSuite" name="testCase1" time="0.006"/>
  <testcase classname="com.qaautomation.groupingconcept.AutomationSuite" name="testCase2" time="0.002"/>
  <testcase classname="com.qaautomation.groupingconcept.AutomationSuite" name="testCase3" time="0.0">
    <ignored/>
  </testcase> <!-- testCase3 -->
  <testcase classname="com.qaautomation.groupingconcept.AutomationSuite" name="testCase14" time="0.0">
    <ignored/>
  </testcase> <!-- testCase14 -->
  <testcase classname="com.qaautomation.groupingconcept.AutomationSuite" name="testCase13" time="0.0">
    <ignored/>
  </testcase> <!-- testCase13 -->
  <testcase classname="com.qaautomation.groupingconcept.AutomationSuite" name="testCase16" time="0.0">
    <ignored/>
  </testcase> <!-- testCase16 -->
  <testcase classname="com.qaautomation.groupingconcept.AutomationSuite" name="testCase5" time="0.0">
    <ignored/>
  </testcase> <!-- testCase5 -->
  <testcase classname="com.qaautomation.groupingconcept.AutomationSuite" name="testCase15" time="0.0">
    <ignored/>
  </testcase> <!-- testCase15 -->
  <testcase classname="com.qaautomation.groupingconcept.AutomationSuite" name="testCase4" time="0.0">
    <ignored/>
  </testcase> <!-- testCase4 -->
  <testcase classname="com.qaautomation.groupingconcept.AutomationSuite" name="testCase7" time="0.0">
    <ignored/>
  </testcase> <!-- testCase7 -->
  <testcase classname="com.qaautomation.groupingconcept.AutomationSuite" name="testCase10" time="0.0">
    <ignored/>
  </testcase> <!-- testCase10 -->
  <testcase classname="com.qaautomation.groupingconcept.AutomationSuite" name="testCase6" time="0.0">
    <ignored/>
  </testcase> <!-- testCase6 -->
  <testcase classname="com.qaautomation.groupingconcept.AutomationSuite" name="testCase12" time="0.0">
    <ignored/>
  </testcase> <!-- testCase12 -->
  <testcase classname="com.qaautomation.groupingconcept.AutomationSuite" name="testCase9" time="0.0">
    <ignored/>
  </testcase> <!-- testCase9 -->
  <testcase classname="com.qaautomation.groupingconcept.AutomationSuite" name="testCase11" time="0.0">
    <ignored/>
  </testcase> <!-- testCase11 -->
  <testcase classname="com.qaautomation.groupingconcept.AutomationSuite" name="testCase8" time="0.0">
    <ignored/>
  </testcase> <!-- testCase8 -->
  <testcase classname="com.qaautomation.groupingconcept.AutomationSuite" name="testCase17" time="0.0">
    <ignored/>
  </testcase> <!-- testCase17 -->
</testsuite> <!-- Smoke Test Cases -->
