<?xml version="1.0" encoding="UTF-8"?>
<testng-results ignored="0" total="5" passed="5" failed="0" skipped="0">
  <reporter-output>
    <line>
      <![CDATA[Application is launched successfully]]>
    </line>
    <line>
      <![CDATA[Register Demo page is displayed]]>
    </line>
    <line>
      <![CDATA[Title is displayed]]>
    </line>
    <line>
      <![CDATA[Actual and Expected Registration Form Titles are same]]>
    </line>
    <line>
      <![CDATA[The Registration Form Title is Register For Demo]]>
    </line>
    <line>
      <![CDATA[First Name is Displayed]]>
    </line>
    <line>
      <![CDATA[First Name is Enabled]]>
    </line>
    <line>
      <![CDATA[First Name Value is: Vinoth]]>
    </line>
    <line>
      <![CDATA[Last Name is Displayed]]>
    </line>
    <line>
      <![CDATA[Last Name is Enabled]]>
    </line>
    <line>
      <![CDATA[Last Name Value is: R]]>
    </line>
    <line>
      <![CDATA[Male Radio Button is Displayed]]>
    </line>
    <line>
      <![CDATA[Male Radio Button is selected]]>
    </line>
    <line>
      <![CDATA[Street Address is Displayed]]>
    </line>
    <line>
      <![CDATA[Street Address is Enabled]]>
    </line>
    <line>
      <![CDATA[Street Address Value is: Saravana Flats]]>
    </line>
    <line>
      <![CDATA[Apartment Number is Displayed]]>
    </line>
    <line>
      <![CDATA[Apartment Number is Enabled]]>
    </line>
    <line>
      <![CDATA[Apartment Number Value is : S1]]>
    </line>
    <line>
      <![CDATA[City Name is Displayed]]>
    </line>
    <line>
      <![CDATA[City Name is Enabled]]>
    </line>
    <line>
      <![CDATA[City Name Value is : Chennai]]>
    </line>
    <line>
      <![CDATA[State is Displayed]]>
    </line>
    <line>
      <![CDATA[State is Enabled]]>
    </line>
    <line>
      <![CDATA[State Value is : Tamil Nadu]]>
    </line>
    <line>
      <![CDATA[Postal Code is Displayed]]>
    </line>
    <line>
      <![CDATA[Postal Code is Enabled]]>
    </line>
    <line>
      <![CDATA[Postal Code Value is : 600100]]>
    </line>
    <line>
      <![CDATA[Country Drop Down is Displayed]]>
    </line>
    <line>
      <![CDATA[Country Drop Down is Enabled]]>
    </line>
    <line>
      <![CDATA[Country Drop Down Value is : India]]>
    </line>
    <line>
      <![CDATA[Email is Displayed]]>
    </line>
    <line>
      <![CDATA[Email is Enabled]]>
    </line>
    <line>
      <![CDATA[Email Id is: vinothrwins@gmail.com]]>
    </line>
    <line>
      <![CDATA[Date of Demo is Displayed]]>
    </line>
    <line>
      <![CDATA[Date of Demo is Enabled]]>
    </line>
    <line>
      <![CDATA[Date of Demo Value is : 01/27/2024]]>
    </line>
    <line>
      <![CDATA[Hour DropDown is Displayed]]>
    </line>
    <line>
      <![CDATA[Hour DropDown is Enabled]]>
    </line>
    <line>
      <![CDATA[Hour dropdown value is: 09]]>
    </line>
    <line>
      <![CDATA[Minute DropDown is Displayed]]>
    </line>
    <line>
      <![CDATA[Minute DropDown is Enabled]]>
    </line>
    <line>
      <![CDATA[Minute Drop Down Value is : 30]]>
    </line>
    <line>
      <![CDATA[Mobile Number is Displayed]]>
    </line>
    <line>
      <![CDATA[Mobile Number is Enabled]]>
    </line>
    <line>
      <![CDATA[Mobile Number Value is : 6383544892]]>
    </line>
    <line>
      <![CDATA[UFT Check Box is Displayed]]>
    </line>
    <line>
      <![CDATA[UFT Check Box is Enabled]]>
    </line>
    <line>
      <![CDATA[UFT Check Box is not selected]]>
    </line>
    <line>
      <![CDATA[UFT Check Box is selected]]>
    </line>
    <line>
      <![CDATA[Selenium WebDriver Check Box is Displayed]]>
    </line>
    <line>
      <![CDATA[Selenium WebDriver Check Box is Enabled]]>
    </line>
    <line>
      <![CDATA[Selenium WebDriver Check Box is not selected]]>
    </line>
    <line>
      <![CDATA[Selenium WebDriver Check Box is Selected]]>
    </line>
    <line>
      <![CDATA[Enter Your Query is Displayed]]>
    </line>
    <line>
      <![CDATA[Enter Your Query is Enabled]]>
    </line>
    <line>
      <![CDATA[Enter Your Query is: What is the duration for selenium training?]]>
    </line>
    <line>
      <![CDATA[Enter Any Two Digits is Displayed]]>
    </line>
    <line>
      <![CDATA[Enter Any Two Digits is Enabled]]>
    </line>
    <line>
      <![CDATA[Enter Any Two Digits is: 99]]>
    </line>
    <line>
      <![CDATA[Submit button is Displayed]]>
    </line>
    <line>
      <![CDATA[Submit Button is Clicked]]>
    </line>
    <line>
      <![CDATA[Successful Message Text is Displayed]]>
    </line>
    <line>
      <![CDATA[Actual and expected Successful Msg Text are the same]]>
    </line>
    <line>
      <![CDATA[The Successful Message Text is : Registration Form is Successfully Submitted. The Transaction ID : NXTGEN3533]]>
    </line>
    <line>
      <![CDATA[Transaction ID : NXTGEN3533]]>
    </line>
    <line>
      <![CDATA[Application is closed]]>
    </line>
  </reporter-output>
  <suite started-at="2024-02-02T19:37:02 IST" name="Default suite" finished-at="2024-02-02T19:37:18 IST" duration-ms="16392">
    <groups>
    </groups>
    <test started-at="2024-02-02T19:37:02 IST" name="Default test" finished-at="2024-02-02T19:37:18 IST" duration-ms="16392">
      <class name="com.qaautomation.registerdemo.RegisterDemoFlow">
        <test-method signature="launchApplication()[pri:1, instance:com.qaautomation.registerdemo.RegisterDemoFlow@385cce]" started-at="2024-02-02T19:37:02 IST" name="launchApplication" finished-at="2024-02-02T19:37:11 IST" duration-ms="9093" status="PASS">
          <reporter-output>
            <line>
              <![CDATA[Application is launched successfully]]>
            </line>
          </reporter-output>
        </test-method> <!-- launchApplication -->
        <test-method signature="navigateToRegisterDemoPage()[pri:2, instance:com.qaautomation.registerdemo.RegisterDemoFlow@385cce]" started-at="2024-02-02T19:37:11 IST" name="navigateToRegisterDemoPage" finished-at="2024-02-02T19:37:13 IST" duration-ms="2514" status="PASS">
          <reporter-output>
            <line>
              <![CDATA[Register Demo page is displayed]]>
            </line>
          </reporter-output>
        </test-method> <!-- navigateToRegisterDemoPage -->
        <test-method signature="registerDemo()[pri:3, instance:com.qaautomation.registerdemo.RegisterDemoFlow@385cce]" started-at="2024-02-02T19:37:13 IST" name="registerDemo" finished-at="2024-02-02T19:37:18 IST" duration-ms="4519" status="PASS">
          <reporter-output>
            <line>
              <![CDATA[Title is displayed]]>
            </line>
            <line>
              <![CDATA[Actual and Expected Registration Form Titles are same]]>
            </line>
            <line>
              <![CDATA[The Registration Form Title is Register For Demo]]>
            </line>
            <line>
              <![CDATA[First Name is Displayed]]>
            </line>
            <line>
              <![CDATA[First Name is Enabled]]>
            </line>
            <line>
              <![CDATA[First Name Value is: Vinoth]]>
            </line>
            <line>
              <![CDATA[Last Name is Displayed]]>
            </line>
            <line>
              <![CDATA[Last Name is Enabled]]>
            </line>
            <line>
              <![CDATA[Last Name Value is: R]]>
            </line>
            <line>
              <![CDATA[Male Radio Button is Displayed]]>
            </line>
            <line>
              <![CDATA[Male Radio Button is selected]]>
            </line>
            <line>
              <![CDATA[Street Address is Displayed]]>
            </line>
            <line>
              <![CDATA[Street Address is Enabled]]>
            </line>
            <line>
              <![CDATA[Street Address Value is: Saravana Flats]]>
            </line>
            <line>
              <![CDATA[Apartment Number is Displayed]]>
            </line>
            <line>
              <![CDATA[Apartment Number is Enabled]]>
            </line>
            <line>
              <![CDATA[Apartment Number Value is : S1]]>
            </line>
            <line>
              <![CDATA[City Name is Displayed]]>
            </line>
            <line>
              <![CDATA[City Name is Enabled]]>
            </line>
            <line>
              <![CDATA[City Name Value is : Chennai]]>
            </line>
            <line>
              <![CDATA[State is Displayed]]>
            </line>
            <line>
              <![CDATA[State is Enabled]]>
            </line>
            <line>
              <![CDATA[State Value is : Tamil Nadu]]>
            </line>
            <line>
              <![CDATA[Postal Code is Displayed]]>
            </line>
            <line>
              <![CDATA[Postal Code is Enabled]]>
            </line>
            <line>
              <![CDATA[Postal Code Value is : 600100]]>
            </line>
            <line>
              <![CDATA[Country Drop Down is Displayed]]>
            </line>
            <line>
              <![CDATA[Country Drop Down is Enabled]]>
            </line>
            <line>
              <![CDATA[Country Drop Down Value is : India]]>
            </line>
            <line>
              <![CDATA[Email is Displayed]]>
            </line>
            <line>
              <![CDATA[Email is Enabled]]>
            </line>
            <line>
              <![CDATA[Email Id is: vinothrwins@gmail.com]]>
            </line>
            <line>
              <![CDATA[Date of Demo is Displayed]]>
            </line>
            <line>
              <![CDATA[Date of Demo is Enabled]]>
            </line>
            <line>
              <![CDATA[Date of Demo Value is : 01/27/2024]]>
            </line>
            <line>
              <![CDATA[Hour DropDown is Displayed]]>
            </line>
            <line>
              <![CDATA[Hour DropDown is Enabled]]>
            </line>
            <line>
              <![CDATA[Hour dropdown value is: 09]]>
            </line>
            <line>
              <![CDATA[Minute DropDown is Displayed]]>
            </line>
            <line>
              <![CDATA[Minute DropDown is Enabled]]>
            </line>
            <line>
              <![CDATA[Minute Drop Down Value is : 30]]>
            </line>
            <line>
              <![CDATA[Mobile Number is Displayed]]>
            </line>
            <line>
              <![CDATA[Mobile Number is Enabled]]>
            </line>
            <line>
              <![CDATA[Mobile Number Value is : 6383544892]]>
            </line>
            <line>
              <![CDATA[UFT Check Box is Displayed]]>
            </line>
            <line>
              <![CDATA[UFT Check Box is Enabled]]>
            </line>
            <line>
              <![CDATA[UFT Check Box is not selected]]>
            </line>
            <line>
              <![CDATA[UFT Check Box is selected]]>
            </line>
            <line>
              <![CDATA[Selenium WebDriver Check Box is Displayed]]>
            </line>
            <line>
              <![CDATA[Selenium WebDriver Check Box is Enabled]]>
            </line>
            <line>
              <![CDATA[Selenium WebDriver Check Box is not selected]]>
            </line>
            <line>
              <![CDATA[Selenium WebDriver Check Box is Selected]]>
            </line>
            <line>
              <![CDATA[Enter Your Query is Displayed]]>
            </line>
            <line>
              <![CDATA[Enter Your Query is Enabled]]>
            </line>
            <line>
              <![CDATA[Enter Your Query is: What is the duration for selenium training?]]>
            </line>
            <line>
              <![CDATA[Enter Any Two Digits is Displayed]]>
            </line>
            <line>
              <![CDATA[Enter Any Two Digits is Enabled]]>
            </line>
            <line>
              <![CDATA[Enter Any Two Digits is: 99]]>
            </line>
            <line>
              <![CDATA[Submit button is Displayed]]>
            </line>
            <line>
              <![CDATA[Submit Button is Clicked]]>
            </line>
          </reporter-output>
        </test-method> <!-- registerDemo -->
        <test-method signature="validateSuccessfulMessage()[pri:4, instance:com.qaautomation.registerdemo.RegisterDemoFlow@385cce]" started-at="2024-02-02T19:37:18 IST" name="validateSuccessfulMessage" finished-at="2024-02-02T19:37:18 IST" duration-ms="62" status="PASS">
          <reporter-output>
            <line>
              <![CDATA[Successful Message Text is Displayed]]>
            </line>
            <line>
              <![CDATA[Actual and expected Successful Msg Text are the same]]>
            </line>
            <line>
              <![CDATA[The Successful Message Text is : Registration Form is Successfully Submitted. The Transaction ID : NXTGEN3533]]>
            </line>
            <line>
              <![CDATA[Transaction ID : NXTGEN3533]]>
            </line>
          </reporter-output>
        </test-method> <!-- validateSuccessfulMessage -->
        <test-method signature="closeApplication()[pri:5, instance:com.qaautomation.registerdemo.RegisterDemoFlow@385cce]" started-at="2024-02-02T19:37:18 IST" name="closeApplication" finished-at="2024-02-02T19:37:18 IST" duration-ms="148" status="PASS">
          <reporter-output>
            <line>
              <![CDATA[Application is closed]]>
            </line>
          </reporter-output>
        </test-method> <!-- closeApplication -->
      </class> <!-- com.qaautomation.registerdemo.RegisterDemoFlow -->
    </test> <!-- Default test -->
  </suite> <!-- Default suite -->
</testng-results>
