<?xml version="1.0" encoding="UTF-8"?>
<!-- Generated by org.testng.reporters.JUnitXMLReporter -->
<testsuite ignored="1" hostname="DESKTOP-02HTNM8" failures="0" tests="13" name="Sanity Test Cases(failed)" time="0.084" errors="0" timestamp="2024-01-29T19:16:08 IST">
  <testcase classname="com.qaautomation.testannotation.BankingApplicationHardDependency" name="launchApplication" time="0.009"/>
  <testcase classname="com.qaautomation.testannotation.BankingApplicationHardDependency" name="loginUser" time="0.001"/>
  <testcase classname="com.qaautomation.testannotation.BankingApplicationHardDependency" name="checkSavingAccountBalance" time="0.001"/>
  <testcase classname="com.qaautomation.testannotation.BankingApplicationHardDependency" name="checkCurrentAccountBalance" time="0.001"/>
  <testcase classname="com.qaautomation.testannotation.BankingApplicationHardDependency" name="tallyAccount" time="0.001"/>
  <testcase classname="com.qaautomation.testannotation.BankingApplicationHardDependency" name="logOut" time="0.001"/>
  <testcase classname="com.qaautomation.testannotation.BankingApplicationHardDependency" name="closeApplication" time="0.001"/>
  <testcase classname="com.qaautomation.testannotation.BankingApplicationSoftDependency" name="launchApplication" time="0.001"/>
  <testcase classname="com.qaautomation.testannotation.BankingApplicationSoftDependency" name="loginUser" time="0.001"/>
  <testcase classname="com.qaautomation.testannotation.BankingApplicationSoftDependency" name="checkSavingAccountBalance" time="0.002"/>
  <testcase classname="com.qaautomation.testannotation.BankingApplicationSoftDependency" name="checkCurrentAccountBalance" time="0.001"/>
  <testcase classname="com.qaautomation.testannotation.BankingApplicationSoftDependency" name="tallyAccount" time="0.0"/>
  <testcase classname="com.qaautomation.testannotation.BankingApplicationSoftDependency" name="logOut" time="0.001"/>
  <testcase classname="com.qaautomation.testannotation.BankingApplicationSoftDependency" name="closeApplication" time="0.0">
    <ignored/>
  </testcase> <!-- closeApplication -->
</testsuite> <!-- Sanity Test Cases(failed) -->
